<?xml version="1.0" encoding="UTF-8"?>
<!-- Generated by org.testng.reporters.JUnitXMLReporter -->
<testsuite hostname="Ashish" ignored="0" tests="5" failures="1" timestamp="22 Feb 2019 04:14:23 GMT" time="4.111" errors="0">
  <testcase name="getHeaders" time="0.002" classname="RestGetCallTests"/>
  <testcase name="validateGetResponseCode" time="0.005" classname="RestGetCallTests"/>
  <testcase name="displayPostCallResponse" time="0.089" classname="RestPostCallTests"/>
  <testcase name="validateName" time="0.392" classname="RestPostCallTests">
    <failure type="java.lang.AssertionError" message="expected [morpheus] but found [morpheus1]">
      <![CDATA[java.lang.AssertionError: expected [morpheus] but found [morpheus1]
at RestPostCallTests.validateName(RestPostCallTests.java:36)
... Removed 29 stack frames]]>
    </failure>
  </testcase> <!-- validateName -->
  <testcase name="validateStatusCode" time="0.001" classname="RestPostCallTests"/>
</testsuite>
