<?xml version="1.0" encoding="UTF-8"?>
<testng-results skipped="0" failed="1" ignored="0" total="5" passed="4">
  <reporter-output>
  </reporter-output>
  <suite name="RestAPITests" duration-ms="4428" started-at="2019-02-21T22:00:03 MST" finished-at="2019-02-21T22:00:07 MST">
    <groups>
    </groups>
    <test name="Functionl" duration-ms="4428" started-at="2019-02-21T22:00:03 MST" finished-at="2019-02-21T22:00:07 MST">
      <class name="RestGetCallTests">
        <test-method status="PASS" signature="setup()[pri:0, instance:RestGetCallTests@34b7bfc0]" name="setup" is-config="true" duration-ms="2962" started-at="2019-02-21T22:00:03 MST" finished-at="2019-02-21T22:00:06 MST">
          <reporter-output>
          </reporter-output>
        </test-method> <!-- setup -->
        <test-method status="PASS" signature="getHeaders()[pri:0, instance:RestGetCallTests@34b7bfc0]" name="getHeaders" duration-ms="1" started-at="2019-02-21T22:00:06 MST" finished-at="2019-02-21T22:00:06 MST">
          <reporter-output>
          </reporter-output>
        </test-method> <!-- getHeaders -->
        <test-method status="PASS" signature="setup()[pri:0, instance:RestGetCallTests@34b7bfc0]" name="setup" is-config="true" duration-ms="286" started-at="2019-02-21T22:00:06 MST" finished-at="2019-02-21T22:00:06 MST">
          <reporter-output>
          </reporter-output>
        </test-method> <!-- setup -->
        <test-method status="PASS" signature="validateGetResponseCode()[pri:0, instance:RestGetCallTests@34b7bfc0]" name="validateGetResponseCode" duration-ms="4" started-at="2019-02-21T22:00:06 MST" finished-at="2019-02-21T22:00:06 MST">
          <reporter-output>
          </reporter-output>
        </test-method> <!-- validateGetResponseCode -->
      </class> <!-- RestGetCallTests -->
      <class name="RestPostCallTests">
        <test-method status="PASS" signature="setup()[pri:0, instance:RestPostCallTests@366e2eef]" name="setup" is-config="true" duration-ms="225" started-at="2019-02-21T22:00:06 MST" finished-at="2019-02-21T22:00:06 MST">
          <reporter-output>
          </reporter-output>
        </test-method> <!-- setup -->
        <test-method status="PASS" signature="displayPostCallResponse()[pri:0, instance:RestPostCallTests@366e2eef]" name="displayPostCallResponse" duration-ms="93" started-at="2019-02-21T22:00:06 MST" finished-at="2019-02-21T22:00:06 MST">
          <reporter-output>
          </reporter-output>
        </test-method> <!-- displayPostCallResponse -->
        <test-method status="PASS" signature="setup()[pri:0, instance:RestPostCallTests@366e2eef]" name="setup" is-config="true" duration-ms="210" started-at="2019-02-21T22:00:06 MST" finished-at="2019-02-21T22:00:07 MST">
          <reporter-output>
          </reporter-output>
        </test-method> <!-- setup -->
        <test-method status="FAIL" signature="validateName()[pri:0, instance:RestPostCallTests@366e2eef]" name="validateName" duration-ms="386" started-at="2019-02-21T22:00:07 MST" finished-at="2019-02-21T22:00:07 MST">
          <exception class="java.lang.AssertionError">
            <message>
              <![CDATA[expected [morpheus] but found [morpheus1]]]>
            </message>
            <full-stacktrace>
              <![CDATA[java.lang.AssertionError: expected [morpheus] but found [morpheus1]
at org.testng.Assert.fail(Assert.java:97)
at org.testng.Assert.assertEqualsImpl(Assert.java:136)
at org.testng.Assert.assertEquals(Assert.java:118)
at org.testng.Assert.assertEquals(Assert.java:563)
at RestPostCallTests.validateName(RestPostCallTests.java:36)
at sun.reflect.NativeMethodAccessorImpl.invoke0(Native Method)
at sun.reflect.NativeMethodAccessorImpl.invoke(NativeMethodAccessorImpl.java:62)
at sun.reflect.DelegatingMethodAccessorImpl.invoke(DelegatingMethodAccessorImpl.java:43)
at java.lang.reflect.Method.invoke(Method.java:498)
at org.testng.internal.MethodInvocationHelper.invokeMethod(MethodInvocationHelper.java:131)
at org.testng.internal.TestInvoker.invokeMethod(TestInvoker.java:570)
at org.testng.internal.TestInvoker.invokeTestMethod(TestInvoker.java:170)
at org.testng.internal.MethodRunner.runInSequence(MethodRunner.java:46)
at org.testng.internal.TestInvoker$MethodInvocationAgent.invoke(TestInvoker.java:790)
at org.testng.internal.TestInvoker.invokeTestMethods(TestInvoker.java:143)
at org.testng.internal.TestMethodWorker.invokeTestMethods(TestMethodWorker.java:146)
at org.testng.internal.TestMethodWorker.run(TestMethodWorker.java:128)
at org.testng.TestRunner.privateRun(TestRunner.java:763)
at org.testng.TestRunner.run(TestRunner.java:594)
at org.testng.SuiteRunner.runTest(SuiteRunner.java:398)
at org.testng.SuiteRunner.runSequentially(SuiteRunner.java:392)
at org.testng.SuiteRunner.privateRun(SuiteRunner.java:355)
at org.testng.SuiteRunner.run(SuiteRunner.java:304)
at org.testng.SuiteRunnerWorker.runSuite(SuiteRunnerWorker.java:53)
at org.testng.SuiteRunnerWorker.run(SuiteRunnerWorker.java:96)
at org.testng.TestNG.runSuitesSequentially(TestNG.java:1146)
at org.testng.TestNG.runSuitesLocally(TestNG.java:1067)
at org.testng.TestNG.runSuites(TestNG.java:997)
at org.testng.TestNG.run(TestNG.java:965)
at org.testng.IDEARemoteTestNG.run(IDEARemoteTestNG.java:73)
at org.testng.RemoteTestNGStarter.main(RemoteTestNGStarter.java:123)
]]>
            </full-stacktrace>
          </exception> <!-- java.lang.AssertionError -->
          <reporter-output>
          </reporter-output>
        </test-method> <!-- validateName -->
        <test-method status="PASS" signature="setup()[pri:0, instance:RestPostCallTests@366e2eef]" name="setup" is-config="true" duration-ms="184" started-at="2019-02-21T22:00:07 MST" finished-at="2019-02-21T22:00:07 MST">
          <reporter-output>
          </reporter-output>
        </test-method> <!-- setup -->
        <test-method status="PASS" signature="validateStatusCode()[pri:0, instance:RestPostCallTests@366e2eef]" name="validateStatusCode" duration-ms="1" started-at="2019-02-21T22:00:07 MST" finished-at="2019-02-21T22:00:07 MST">
          <reporter-output>
          </reporter-output>
        </test-method> <!-- validateStatusCode -->
      </class> <!-- RestPostCallTests -->
    </test> <!-- Functionl -->
  </suite> <!-- RestAPITests -->
</testng-results>
